<?xml version="1.0" encoding="UTF-8"?>
<testsuite xmlns:xsi="http://www.w3.org/2001/XMLSchema-instance" xsi:noNamespaceSchemaLocation="https://maven.apache.org/surefire/maven-surefire-plugin/xsd/surefire-test-report-3.0.xsd" version="3.0" name="TestSuite" time="902.153" tests="4" errors="0" skipped="0" failures="0">
  <properties>
[...]
</properties>
  <testcase name="LaunchBrouser" classname="TestSureShot.MoneyControlProject" time="18.424">
    <system-err><![CDATA[SLF4J: Failed to load class "org.slf4j.impl.StaticLoggerBinder".
SLF4J: Defaulting to no-operation (NOP) logger implementation
SLF4J: See http://www.slf4j.org/codes.html#StaticLoggerBinder for further details.
Starting ChromeDriver 83.0.4103.39 (ccbf011cb2d2b19b506d844400483861342c20cd-refs/branch-heads/4103@{#416}) on port 12656
Only local connections are allowed.
Please see https://chromedriver.chromium.org/security-considerations for suggestions on keeping ChromeDriver safe.
ChromeDriver was started successfully.
Jul 03, 2020 7:27:18 PM org.openqa.selenium.remote.ProtocolHandshake createSession
INFO: Detected dialect: W3C
]]></system-err>
  </testcase>
  <testcase name="atest" classname="TestSureShot.MoneyControlProject" time="835.834">
    <system-out><![CDATA[test2 started
30
1
Tata Motors
Bharti Airtel
Eicher Motors
Bharti Infratel
Hero Motocorp
Power Grid Corp
Bajaj Auto
Grasim
TCS
Reliance
BPCL
Axis Bank
Titan Company
Larsen
HUL
ITC
ONGC
Asian Paints
Sun Pharma
Kotak Mahindra
HCL Tech
csbbank
powergrid
BEPL
CAPLIPOINT
knrcon
BRNL
jetairways
pcjeweller
knrcon
07/03/2020 
Tata Motors
**** Value Entered in the field****
****Click performed****
**** Get the text****
Bharti Airtel
**** Value Entered in the field****
****Click performed****
**** Get the text****
Eicher Motors
**** Value Entered in the field****
****Click performed****
**** Get the text****
Bharti Infratel
**** Value Entered in the field****
****Click performed****
**** Get the text****
Hero Motocorp
**** Value Entered in the field****
****Click performed****
**** Get the text****
Power Grid Corp
**** Value Entered in the field****
****Click performed****
**** Get the text****
Bajaj Auto
**** Value Entered in the field****
****Click performed****
**** Get the text****
Grasim
**** Value Entered in the field****
****Click performed****
**** Get the text****
TCS
**** Value Entered in the field****
****Click performed****
**** Get the text****
Reliance
**** Value Entered in the field****
****Click performed****
**** Get the text****
BPCL
**** Value Entered in the field****
****Click performed****
**** Get the text****
Axis Bank
**** Value Entered in the field****
****Click performed****
**** Get the text****
Titan Company
**** Value Entered in the field****
****Click performed****
**** Get the text****
Larsen
**** Value Entered in the field****
****Click performed****
**** Get the text****
HUL
**** Value Entered in the field****
****Click performed****
**** Get the text****
ITC
**** Value Entered in the field****
****Click performed****
**** Get the text****
ONGC
**** Value Entered in the field****
****Click performed****
**** Get the text****
Asian Paints
**** Value Entered in the field****
****Click performed****
**** Get the text****
Sun Pharma
**** Value Entered in the field****
****Click performed****
**** Get the text****
Kotak Mahindra
**** Value Entered in the field****
****Click performed****
**** Get the text****
HCL Tech
**** Value Entered in the field****
****Click performed****
**** Get the text****
csbbank
**** Value Entered in the field****
****Click performed****
**** Get the text****
powergrid
**** Value Entered in the field****
****Click performed****
**** Get the text****
BEPL
**** Value Entered in the field****
****Click performed****
**** Get the text****
CAPLIPOINT
**** Value Entered in the field****
****Click performed****
**** Get the text****
knrcon
**** Value Entered in the field****
****Click performed****
**** Get the text****
BRNL
**** Value Entered in the field****
****Click performed****
**** Get the text****
jetairways
**** Value Entered in the field****
****Click performed****
**** Get the text****
pcjeweller
**** Value Entered in the field****
****Click performed****
**** Get the text****
knrcon
**** Value Entered in the field****
****Click performed****
**** Get the text****
]]></system-out>
  </testcase>
  <testcase name="LaunchBrouser" classname="TestSureShot.MoneyControlProject2" time="26.055">
    <system-err><![CDATA[Starting ChromeDriver 83.0.4103.39 (ccbf011cb2d2b19b506d844400483861342c20cd-refs/branch-heads/4103@{#416}) on port 31089
Only local connections are allowed.
Please see https://chromedriver.chromium.org/security-considerations for suggestions on keeping ChromeDriver safe.
ChromeDriver was started successfully.
Jul 03, 2020 7:27:35 PM org.openqa.selenium.remote.ProtocolHandshake createSession
INFO: Detected dialect: W3C
]]></system-err>
  </testcase>
  <testcase name="atest" classname="TestSureShot.MoneyControlProject2" time="20.915">
    <system-out><![CDATA[test2 started
****Click performed****
Topgainers 34
0st share name is Bharti AirtelHighest Price for the day is 583.45
1st share name is Adani PortsHighest Price for the day is 366.80
2st share name is Eicher MotorsHighest Price for the day is 19,249.00
3st share name is Hero MotocorpHighest Price for the day is 2,750.00
4st share name is TCSHighest Price for the day is 2,205.00
5st share name is Bharti InfratelHighest Price for the day is 228.50
6st share name is Tata MotorsHighest Price for the day is 106.35
7st share name is Bajaj AutoHighest Price for the day is 2,960.00
8st share name is HCL TechHighest Price for the day is 580.55
9st share name is Titan CompanyHighest Price for the day is 1,008.00
10st share name is GrasimHighest Price for the day is 630.00
11st share name is RelianceHighest Price for the day is 1,793.00
12st share name is Power Grid CorpHighest Price for the day is 179.40
13st share name is GAILHighest Price for the day is 105.80
14st share name is Coal IndiaHighest Price for the day is 135.90
15st share name is Axis BankHighest Price for the day is 431.60
16st share name is NTPCHighest Price for the day is 95.35
17st share name is Tech MahindraHighest Price for the day is 572.25
18st share name is HULHighest Price for the day is 2,188.00
19st share name is ITCHighest Price for the day is 208.50
20st share name is InfosysHighest Price for the day is 764.00
21st share name is Sun PharmaHighest Price for the day is 479.35
22st share name is ONGCHighest Price for the day is 83.35
23st share name is Asian PaintsHighest Price for the day is 1,720.00
24st share name is BPCLHighest Price for the day is 390.55
25st share name is Shree CementsHighest Price for the day is 22,987.55
26st share name is UPLHighest Price for the day is 452.95
27st share name is LarsenHighest Price for the day is 955.40
28st share name is WiproHighest Price for the day is 228.50
29st share name is M&MHighest Price for the day is 535.50
30st share name is Kotak MahindraHighest Price for the day is 1,368.70
31st share name is BritanniaHighest Price for the day is 3,579.95
32st share name is VedantaHighest Price for the day is 107.75
33st share name is Dr Reddys LabsHighest Price for the day is 3,967.95
]]></system-out>
  </testcase>
</testsuite>