<?xml version="1.0" encoding="UTF-8"?>
<!-- Generated by org.testng.reporters.JUnitXMLReporter -->
<testsuite hostname="DESKTOP-6ELM0OD" ignored="0" name="Default test" tests="2" failures="0" timestamp="13 Jul 2020 06:47:28 GMT" time="706.262" errors="0">
  <testcase name="LaunchBrouser" time="34.036" classname="TestSureShot.MoneyControlProjectwithChromeoptions"/>
  <testcase name="atest" time="672.148" classname="TestSureShot.MoneyControlProjectwithChromeoptions"/>
</testsuite> <!-- Default test -->
