<?xml version="1.0" encoding="UTF-8"?>
<testng-results skipped="0" failed="0" ignored="0" total="2" passed="2">
  <reporter-output>
  </reporter-output>
  <suite name="Default suite" duration-ms="706262" started-at="2020-07-13T06:35:42Z" finished-at="2020-07-13T06:47:28Z">
    <groups>
    </groups>
    <test name="Default test" duration-ms="706262" started-at="2020-07-13T06:35:42Z" finished-at="2020-07-13T06:47:28Z">
      <class name="TestSureShot.MoneyControlProjectwithChromeoptions">
        <test-method status="PASS" signature="LaunchBrouser()[pri:1, instance:TestSureShot.MoneyControlProjectwithChromeoptions@27c20538]" name="LaunchBrouser" duration-ms="34036" started-at="2020-07-13T12:05:42Z" finished-at="2020-07-13T12:06:16Z">
          <reporter-output>
          </reporter-output>
        </test-method> <!-- LaunchBrouser -->
        <test-method status="PASS" signature="atest()[pri:2, instance:TestSureShot.MoneyControlProjectwithChromeoptions@27c20538]" name="atest" duration-ms="672148" started-at="2020-07-13T12:06:16Z" finished-at="2020-07-13T12:17:28Z">
          <reporter-output>
          </reporter-output>
        </test-method> <!-- atest -->
      </class> <!-- TestSureShot.MoneyControlProjectwithChromeoptions -->
    </test> <!-- Default test -->
  </suite> <!-- Default suite -->
</testng-results>
