<?xml version="1.0" encoding="UTF-8"?>
<!-- Generated by org.testng.reporters.JUnitXMLReporter -->
<testsuite hostname="DESKTOP-6ELM0OD" ignored="0" name="Test" tests="4" failures="0" timestamp="03 Jul 2020 14:12:13 GMT" time="900.915" errors="0">
  <testcase name="LaunchBrouser" time="18.351" classname="TestSureShot.MoneyControlProject"/>
  <testcase name="LaunchBrouser" time="26.071" classname="TestSureShot.MoneyControlProject2"/>
  <testcase name="atest" time="833.749" classname="TestSureShot.MoneyControlProject"/>
  <testcase name="atest" time="22.671" classname="TestSureShot.MoneyControlProject2"/>
</testsuite> <!-- Test -->
